Internal Server Error: /blog/
Traceback (most recent call last):
  File "C:\Users\rahul\Desktop\black_box\villen\venv\lib\site-packages\django\core\handlers\exception.py", line 55, in inner
    response = get_response(request)
  File "C:\Users\rahul\Desktop\black_box\villen\venv\lib\site-packages\django\core\handlers\base.py", line 197, in _get_response
    response = wrapped_callback(request, *callback_args, **callback_kwargs)
  File "C:\Users\rahul\Desktop\black_box\villen\core\views.py", line 153, in blog_list
    return render(request, 'core/blog_list.html', {'posts': posts})
  File "C:\Users\rahul\Desktop\black_box\villen\venv\lib\site-packages\django\shortcuts.py", line 25, in render
    content = loader.render_to_string(template_name, context, request, using=using)
  File "C:\Users\rahul\Desktop\black_box\villen\venv\lib\site-packages\django\template\loader.py", line 61, in render_to_string
    template = get_template(template_name, using=using)
  File "C:\Users\rahul\Desktop\black_box\villen\venv\lib\site-packages\django\template\loader.py", line 15, in get_template
    return engine.get_template(template_name)
  File "C:\Users\rahul\Desktop\black_box\villen\venv\lib\site-packages\django\template\backends\django.py", line 79, in get_template
    return Template(self.engine.get_template(template_name), self)
  File "C:\Users\rahul\Desktop\black_box\villen\venv\lib\site-packages\django\template\engine.py", line 177, in get_template
    template, origin = self.find_template(template_name)
  File "C:\Users\rahul\Desktop\black_box\villen\venv\lib\site-packages\django\template\engine.py", line 159, in find_template
    template = loader.get_template(name, skip=skip)
  File "C:\Users\rahul\Desktop\black_box\villen\venv\lib\site-packages\django\template\loaders\cached.py", line 57, in get_template
    template = super().get_template(template_name, skip)
  File "C:\Users\rahul\Desktop\black_box\villen\venv\lib\site-packages\django\template\loaders\base.py", line 28, in get_template
    return Template(
  File "C:\Users\rahul\Desktop\black_box\villen\venv\lib\site-packages\django\template\base.py", line 154, in __init__
    self.nodelist = self.compile_nodelist()
  File "C:\Users\rahul\Desktop\black_box\villen\venv\lib\site-packages\django\template\base.py", line 196, in compile_nodelist
    nodelist = parser.parse()
  File "C:\Users\rahul\Desktop\black_box\villen\venv\lib\site-packages\django\template\base.py", line 518, in parse
    raise self.error(token, e)
  File "C:\Users\rahul\Desktop\black_box\villen\venv\lib\site-packages\django\template\base.py", line 516, in parse
    compiled_result = compile_func(self, token)
  File "C:\Users\rahul\Desktop\black_box\villen\venv\lib\site-packages\django\template\loader_tags.py", line 299, in do_extends
    nodelist = parser.parse()
  File "C:\Users\rahul\Desktop\black_box\villen\venv\lib\site-packages\django\template\base.py", line 518, in parse
    raise self.error(token, e)
  File "C:\Users\rahul\Desktop\black_box\villen\venv\lib\site-packages\django\template\base.py", line 516, in parse
    compiled_result = compile_func(self, token)
  File "C:\Users\rahul\Desktop\black_box\villen\venv\lib\site-packages\django\template\loader_tags.py", line 234, in do_block
    nodelist = parser.parse(("endblock",))
  File "C:\Users\rahul\Desktop\black_box\villen\venv\lib\site-packages\django\template\base.py", line 518, in parse
    raise self.error(token, e)
  File "C:\Users\rahul\Desktop\black_box\villen\venv\lib\site-packages\django\template\base.py", line 516, in parse
    compiled_result = compile_func(self, token)
  File "C:\Users\rahul\Desktop\black_box\villen\venv\lib\site-packages\django\template\defaulttags.py", line 862, in do_for
    nodelist_loop = parser.parse(
  File "C:\Users\rahul\Desktop\black_box\villen\venv\lib\site-packages\django\template\base.py", line 489, in parse
    raise self.error(token, e)
  File "C:\Users\rahul\Desktop\black_box\villen\venv\lib\site-packages\django\template\base.py", line 487, in parse
    filter_expression = self.compile_filter(token.contents)
  File "C:\Users\rahul\Desktop\black_box\villen\venv\lib\site-packages\django\template\base.py", line 609, in compile_filter
    return FilterExpression(token, self)
  File "C:\Users\rahul\Desktop\black_box\villen\venv\lib\site-packages\django\template\base.py", line 705, in __init__
    filter_func = parser.find_filter(filter_name)
  File "C:\Users\rahul\Desktop\black_box\villen\venv\lib\site-packages\django\template\base.py", line 615, in find_filter
    raise TemplateSyntaxError("Invalid filter: '%s'" % filter_name)
django.template.exceptions.TemplateSyntaxError: Invalid filter: 'widthratio'
"GET /blog/ HTTP/1.1" 500 225281
Internal Server Error: /blog/
Traceback (most recent call last):
  File "C:\Users\rahul\Desktop\black_box\villen\venv\lib\site-packages\django\core\handlers\exception.py", line 55, in inner
    response = get_response(request)
  File "C:\Users\rahul\Desktop\black_box\villen\venv\lib\site-packages\django\core\handlers\base.py", line 197, in _get_response
    response = wrapped_callback(request, *callback_args, **callback_kwargs)
  File "C:\Users\rahul\Desktop\black_box\villen\core\views.py", line 153, in blog_list
    return render(request, 'core/blog_list.html', {'posts': posts})
  File "C:\Users\rahul\Desktop\black_box\villen\venv\lib\site-packages\django\shortcuts.py", line 25, in render
    content = loader.render_to_string(template_name, context, request, using=using)
  File "C:\Users\rahul\Desktop\black_box\villen\venv\lib\site-packages\django\template\loader.py", line 61, in render_to_string
    template = get_template(template_name, using=using)
  File "C:\Users\rahul\Desktop\black_box\villen\venv\lib\site-packages\django\template\loader.py", line 15, in get_template
    return engine.get_template(template_name)
  File "C:\Users\rahul\Desktop\black_box\villen\venv\lib\site-packages\django\template\backends\django.py", line 79, in get_template
    return Template(self.engine.get_template(template_name), self)
  File "C:\Users\rahul\Desktop\black_box\villen\venv\lib\site-packages\django\template\engine.py", line 177, in get_template
    template, origin = self.find_template(template_name)
  File "C:\Users\rahul\Desktop\black_box\villen\venv\lib\site-packages\django\template\engine.py", line 159, in find_template
    template = loader.get_template(name, skip=skip)
  File "C:\Users\rahul\Desktop\black_box\villen\venv\lib\site-packages\django\template\loaders\cached.py", line 57, in get_template
    template = super().get_template(template_name, skip)
  File "C:\Users\rahul\Desktop\black_box\villen\venv\lib\site-packages\django\template\loaders\base.py", line 28, in get_template
    return Template(
  File "C:\Users\rahul\Desktop\black_box\villen\venv\lib\site-packages\django\template\base.py", line 154, in __init__
    self.nodelist = self.compile_nodelist()
  File "C:\Users\rahul\Desktop\black_box\villen\venv\lib\site-packages\django\template\base.py", line 196, in compile_nodelist
    nodelist = parser.parse()
  File "C:\Users\rahul\Desktop\black_box\villen\venv\lib\site-packages\django\template\base.py", line 518, in parse
    raise self.error(token, e)
  File "C:\Users\rahul\Desktop\black_box\villen\venv\lib\site-packages\django\template\base.py", line 516, in parse
    compiled_result = compile_func(self, token)
  File "C:\Users\rahul\Desktop\black_box\villen\venv\lib\site-packages\django\template\loader_tags.py", line 299, in do_extends
    nodelist = parser.parse()
  File "C:\Users\rahul\Desktop\black_box\villen\venv\lib\site-packages\django\template\base.py", line 518, in parse
    raise self.error(token, e)
  File "C:\Users\rahul\Desktop\black_box\villen\venv\lib\site-packages\django\template\base.py", line 516, in parse
    compiled_result = compile_func(self, token)
  File "C:\Users\rahul\Desktop\black_box\villen\venv\lib\site-packages\django\template\loader_tags.py", line 234, in do_block
    nodelist = parser.parse(("endblock",))
  File "C:\Users\rahul\Desktop\black_box\villen\venv\lib\site-packages\django\template\base.py", line 518, in parse
    raise self.error(token, e)
  File "C:\Users\rahul\Desktop\black_box\villen\venv\lib\site-packages\django\template\base.py", line 516, in parse
    compiled_result = compile_func(self, token)
  File "C:\Users\rahul\Desktop\black_box\villen\venv\lib\site-packages\django\template\defaulttags.py", line 862, in do_for
    nodelist_loop = parser.parse(
  File "C:\Users\rahul\Desktop\black_box\villen\venv\lib\site-packages\django\template\base.py", line 489, in parse
    raise self.error(token, e)
  File "C:\Users\rahul\Desktop\black_box\villen\venv\lib\site-packages\django\template\base.py", line 487, in parse
    filter_expression = self.compile_filter(token.contents)
  File "C:\Users\rahul\Desktop\black_box\villen\venv\lib\site-packages\django\template\base.py", line 609, in compile_filter
    return FilterExpression(token, self)
  File "C:\Users\rahul\Desktop\black_box\villen\venv\lib\site-packages\django\template\base.py", line 705, in __init__
    filter_func = parser.find_filter(filter_name)
  File "C:\Users\rahul\Desktop\black_box\villen\venv\lib\site-packages\django\template\base.py", line 615, in find_filter
    raise TemplateSyntaxError("Invalid filter: '%s'" % filter_name)
django.template.exceptions.TemplateSyntaxError: Invalid filter: 'widthratio'
"GET /blog/ HTTP/1.1" 500 225281
Internal Server Error: /blog/
Traceback (most recent call last):
  File "C:\Users\rahul\Desktop\black_box\villen\venv\lib\site-packages\django\template\defaulttags.py", line 1035, in find_library
    return parser.libraries[name]
KeyError: 'math_filters'

During handling of the above exception, another exception occurred:

Traceback (most recent call last):
  File "C:\Users\rahul\Desktop\black_box\villen\venv\lib\site-packages\django\core\handlers\exception.py", line 55, in inner
    response = get_response(request)
  File "C:\Users\rahul\Desktop\black_box\villen\venv\lib\site-packages\django\core\handlers\base.py", line 197, in _get_response
    response = wrapped_callback(request, *callback_args, **callback_kwargs)
  File "C:\Users\rahul\Desktop\black_box\villen\core\views.py", line 153, in blog_list
    return render(request, 'core/blog_list.html', {'posts': posts})
  File "C:\Users\rahul\Desktop\black_box\villen\venv\lib\site-packages\django\shortcuts.py", line 25, in render
    content = loader.render_to_string(template_name, context, request, using=using)
  File "C:\Users\rahul\Desktop\black_box\villen\venv\lib\site-packages\django\template\loader.py", line 61, in render_to_string
    template = get_template(template_name, using=using)
  File "C:\Users\rahul\Desktop\black_box\villen\venv\lib\site-packages\django\template\loader.py", line 15, in get_template
    return engine.get_template(template_name)
  File "C:\Users\rahul\Desktop\black_box\villen\venv\lib\site-packages\django\template\backends\django.py", line 79, in get_template
    return Template(self.engine.get_template(template_name), self)
  File "C:\Users\rahul\Desktop\black_box\villen\venv\lib\site-packages\django\template\engine.py", line 177, in get_template
    template, origin = self.find_template(template_name)
  File "C:\Users\rahul\Desktop\black_box\villen\venv\lib\site-packages\django\template\engine.py", line 159, in find_template
    template = loader.get_template(name, skip=skip)
  File "C:\Users\rahul\Desktop\black_box\villen\venv\lib\site-packages\django\template\loaders\cached.py", line 57, in get_template
    template = super().get_template(template_name, skip)
  File "C:\Users\rahul\Desktop\black_box\villen\venv\lib\site-packages\django\template\loaders\base.py", line 28, in get_template
    return Template(
  File "C:\Users\rahul\Desktop\black_box\villen\venv\lib\site-packages\django\template\base.py", line 154, in __init__
    self.nodelist = self.compile_nodelist()
  File "C:\Users\rahul\Desktop\black_box\villen\venv\lib\site-packages\django\template\base.py", line 196, in compile_nodelist
    nodelist = parser.parse()
  File "C:\Users\rahul\Desktop\black_box\villen\venv\lib\site-packages\django\template\base.py", line 518, in parse
    raise self.error(token, e)
  File "C:\Users\rahul\Desktop\black_box\villen\venv\lib\site-packages\django\template\base.py", line 516, in parse
    compiled_result = compile_func(self, token)
  File "C:\Users\rahul\Desktop\black_box\villen\venv\lib\site-packages\django\template\loader_tags.py", line 299, in do_extends
    nodelist = parser.parse()
  File "C:\Users\rahul\Desktop\black_box\villen\venv\lib\site-packages\django\template\base.py", line 518, in parse
    raise self.error(token, e)
  File "C:\Users\rahul\Desktop\black_box\villen\venv\lib\site-packages\django\template\base.py", line 516, in parse
    compiled_result = compile_func(self, token)
  File "C:\Users\rahul\Desktop\black_box\villen\venv\lib\site-packages\django\template\defaulttags.py", line 1097, in load
    lib = find_library(parser, name)
  File "C:\Users\rahul\Desktop\black_box\villen\venv\lib\site-packages\django\template\defaulttags.py", line 1037, in find_library
    raise TemplateSyntaxError(
django.template.exceptions.TemplateSyntaxError: 'math_filters' is not a registered tag library. Must be one of:
admin_list
admin_modify
admin_urls
cache
i18n
l10n
log
static
tz
"GET /blog/ HTTP/1.1" 500 187661
Internal Server Error: /blog/
Traceback (most recent call last):
  File "C:\Users\rahul\Desktop\black_box\villen\venv\lib\site-packages\django\template\defaulttags.py", line 1035, in find_library
    return parser.libraries[name]
KeyError: 'math_filters'

During handling of the above exception, another exception occurred:

Traceback (most recent call last):
  File "C:\Users\rahul\Desktop\black_box\villen\venv\lib\site-packages\django\core\handlers\exception.py", line 55, in inner
    response = get_response(request)
  File "C:\Users\rahul\Desktop\black_box\villen\venv\lib\site-packages\django\core\handlers\base.py", line 197, in _get_response
    response = wrapped_callback(request, *callback_args, **callback_kwargs)
  File "C:\Users\rahul\Desktop\black_box\villen\core\views.py", line 153, in blog_list
    return render(request, 'core/blog_list.html', {'posts': posts})
  File "C:\Users\rahul\Desktop\black_box\villen\venv\lib\site-packages\django\shortcuts.py", line 25, in render
    content = loader.render_to_string(template_name, context, request, using=using)
  File "C:\Users\rahul\Desktop\black_box\villen\venv\lib\site-packages\django\template\loader.py", line 61, in render_to_string
    template = get_template(template_name, using=using)
  File "C:\Users\rahul\Desktop\black_box\villen\venv\lib\site-packages\django\template\loader.py", line 15, in get_template
    return engine.get_template(template_name)
  File "C:\Users\rahul\Desktop\black_box\villen\venv\lib\site-packages\django\template\backends\django.py", line 79, in get_template
    return Template(self.engine.get_template(template_name), self)
  File "C:\Users\rahul\Desktop\black_box\villen\venv\lib\site-packages\django\template\engine.py", line 177, in get_template
    template, origin = self.find_template(template_name)
  File "C:\Users\rahul\Desktop\black_box\villen\venv\lib\site-packages\django\template\engine.py", line 159, in find_template
    template = loader.get_template(name, skip=skip)
  File "C:\Users\rahul\Desktop\black_box\villen\venv\lib\site-packages\django\template\loaders\cached.py", line 57, in get_template
    template = super().get_template(template_name, skip)
  File "C:\Users\rahul\Desktop\black_box\villen\venv\lib\site-packages\django\template\loaders\base.py", line 28, in get_template
    return Template(
  File "C:\Users\rahul\Desktop\black_box\villen\venv\lib\site-packages\django\template\base.py", line 154, in __init__
    self.nodelist = self.compile_nodelist()
  File "C:\Users\rahul\Desktop\black_box\villen\venv\lib\site-packages\django\template\base.py", line 196, in compile_nodelist
    nodelist = parser.parse()
  File "C:\Users\rahul\Desktop\black_box\villen\venv\lib\site-packages\django\template\base.py", line 518, in parse
    raise self.error(token, e)
  File "C:\Users\rahul\Desktop\black_box\villen\venv\lib\site-packages\django\template\base.py", line 516, in parse
    compiled_result = compile_func(self, token)
  File "C:\Users\rahul\Desktop\black_box\villen\venv\lib\site-packages\django\template\loader_tags.py", line 299, in do_extends
    nodelist = parser.parse()
  File "C:\Users\rahul\Desktop\black_box\villen\venv\lib\site-packages\django\template\base.py", line 518, in parse
    raise self.error(token, e)
  File "C:\Users\rahul\Desktop\black_box\villen\venv\lib\site-packages\django\template\base.py", line 516, in parse
    compiled_result = compile_func(self, token)
  File "C:\Users\rahul\Desktop\black_box\villen\venv\lib\site-packages\django\template\defaulttags.py", line 1097, in load
    lib = find_library(parser, name)
  File "C:\Users\rahul\Desktop\black_box\villen\venv\lib\site-packages\django\template\defaulttags.py", line 1037, in find_library
    raise TemplateSyntaxError(
django.template.exceptions.TemplateSyntaxError: 'math_filters' is not a registered tag library. Must be one of:
admin_list
admin_modify
admin_urls
cache
i18n
l10n
log
static
tz
"GET /blog/ HTTP/1.1" 500 187661
Internal Server Error: /blog/
Traceback (most recent call last):
  File "C:\Users\rahul\Desktop\black_box\villen\venv\lib\site-packages\django\template\defaulttags.py", line 1035, in find_library
    return parser.libraries[name]
KeyError: 'math_filters'

During handling of the above exception, another exception occurred:

Traceback (most recent call last):
  File "C:\Users\rahul\Desktop\black_box\villen\venv\lib\site-packages\django\core\handlers\exception.py", line 55, in inner
    response = get_response(request)
  File "C:\Users\rahul\Desktop\black_box\villen\venv\lib\site-packages\django\core\handlers\base.py", line 197, in _get_response
    response = wrapped_callback(request, *callback_args, **callback_kwargs)
  File "C:\Users\rahul\Desktop\black_box\villen\core\views.py", line 153, in blog_list
    return render(request, 'core/blog_list.html', {'posts': posts})
  File "C:\Users\rahul\Desktop\black_box\villen\venv\lib\site-packages\django\shortcuts.py", line 25, in render
    content = loader.render_to_string(template_name, context, request, using=using)
  File "C:\Users\rahul\Desktop\black_box\villen\venv\lib\site-packages\django\template\loader.py", line 61, in render_to_string
    template = get_template(template_name, using=using)
  File "C:\Users\rahul\Desktop\black_box\villen\venv\lib\site-packages\django\template\loader.py", line 15, in get_template
    return engine.get_template(template_name)
  File "C:\Users\rahul\Desktop\black_box\villen\venv\lib\site-packages\django\template\backends\django.py", line 79, in get_template
    return Template(self.engine.get_template(template_name), self)
  File "C:\Users\rahul\Desktop\black_box\villen\venv\lib\site-packages\django\template\engine.py", line 177, in get_template
    template, origin = self.find_template(template_name)
  File "C:\Users\rahul\Desktop\black_box\villen\venv\lib\site-packages\django\template\engine.py", line 159, in find_template
    template = loader.get_template(name, skip=skip)
  File "C:\Users\rahul\Desktop\black_box\villen\venv\lib\site-packages\django\template\loaders\cached.py", line 57, in get_template
    template = super().get_template(template_name, skip)
  File "C:\Users\rahul\Desktop\black_box\villen\venv\lib\site-packages\django\template\loaders\base.py", line 28, in get_template
    return Template(
  File "C:\Users\rahul\Desktop\black_box\villen\venv\lib\site-packages\django\template\base.py", line 154, in __init__
    self.nodelist = self.compile_nodelist()
  File "C:\Users\rahul\Desktop\black_box\villen\venv\lib\site-packages\django\template\base.py", line 196, in compile_nodelist
    nodelist = parser.parse()
  File "C:\Users\rahul\Desktop\black_box\villen\venv\lib\site-packages\django\template\base.py", line 518, in parse
    raise self.error(token, e)
  File "C:\Users\rahul\Desktop\black_box\villen\venv\lib\site-packages\django\template\base.py", line 516, in parse
    compiled_result = compile_func(self, token)
  File "C:\Users\rahul\Desktop\black_box\villen\venv\lib\site-packages\django\template\loader_tags.py", line 299, in do_extends
    nodelist = parser.parse()
  File "C:\Users\rahul\Desktop\black_box\villen\venv\lib\site-packages\django\template\base.py", line 518, in parse
    raise self.error(token, e)
  File "C:\Users\rahul\Desktop\black_box\villen\venv\lib\site-packages\django\template\base.py", line 516, in parse
    compiled_result = compile_func(self, token)
  File "C:\Users\rahul\Desktop\black_box\villen\venv\lib\site-packages\django\template\defaulttags.py", line 1097, in load
    lib = find_library(parser, name)
  File "C:\Users\rahul\Desktop\black_box\villen\venv\lib\site-packages\django\template\defaulttags.py", line 1037, in find_library
    raise TemplateSyntaxError(
django.template.exceptions.TemplateSyntaxError: 'math_filters' is not a registered tag library. Must be one of:
admin_list
admin_modify
admin_urls
cache
i18n
l10n
log
static
tz
"GET /blog/ HTTP/1.1" 500 187661
Internal Server Error: /blog/
Traceback (most recent call last):
  File "C:\Users\rahul\Desktop\black_box\villen\venv\lib\site-packages\django\template\defaulttags.py", line 1035, in find_library
    return parser.libraries[name]
KeyError: 'math_filters'

During handling of the above exception, another exception occurred:

Traceback (most recent call last):
  File "C:\Users\rahul\Desktop\black_box\villen\venv\lib\site-packages\django\core\handlers\exception.py", line 55, in inner
    response = get_response(request)
  File "C:\Users\rahul\Desktop\black_box\villen\venv\lib\site-packages\django\core\handlers\base.py", line 197, in _get_response
    response = wrapped_callback(request, *callback_args, **callback_kwargs)
  File "C:\Users\rahul\Desktop\black_box\villen\core\views.py", line 153, in blog_list
    return render(request, 'core/blog_list.html', {'posts': posts})
  File "C:\Users\rahul\Desktop\black_box\villen\venv\lib\site-packages\django\shortcuts.py", line 25, in render
    content = loader.render_to_string(template_name, context, request, using=using)
  File "C:\Users\rahul\Desktop\black_box\villen\venv\lib\site-packages\django\template\loader.py", line 61, in render_to_string
    template = get_template(template_name, using=using)
  File "C:\Users\rahul\Desktop\black_box\villen\venv\lib\site-packages\django\template\loader.py", line 15, in get_template
    return engine.get_template(template_name)
  File "C:\Users\rahul\Desktop\black_box\villen\venv\lib\site-packages\django\template\backends\django.py", line 79, in get_template
    return Template(self.engine.get_template(template_name), self)
  File "C:\Users\rahul\Desktop\black_box\villen\venv\lib\site-packages\django\template\engine.py", line 177, in get_template
    template, origin = self.find_template(template_name)
  File "C:\Users\rahul\Desktop\black_box\villen\venv\lib\site-packages\django\template\engine.py", line 159, in find_template
    template = loader.get_template(name, skip=skip)
  File "C:\Users\rahul\Desktop\black_box\villen\venv\lib\site-packages\django\template\loaders\cached.py", line 57, in get_template
    template = super().get_template(template_name, skip)
  File "C:\Users\rahul\Desktop\black_box\villen\venv\lib\site-packages\django\template\loaders\base.py", line 28, in get_template
    return Template(
  File "C:\Users\rahul\Desktop\black_box\villen\venv\lib\site-packages\django\template\base.py", line 154, in __init__
    self.nodelist = self.compile_nodelist()
  File "C:\Users\rahul\Desktop\black_box\villen\venv\lib\site-packages\django\template\base.py", line 196, in compile_nodelist
    nodelist = parser.parse()
  File "C:\Users\rahul\Desktop\black_box\villen\venv\lib\site-packages\django\template\base.py", line 518, in parse
    raise self.error(token, e)
  File "C:\Users\rahul\Desktop\black_box\villen\venv\lib\site-packages\django\template\base.py", line 516, in parse
    compiled_result = compile_func(self, token)
  File "C:\Users\rahul\Desktop\black_box\villen\venv\lib\site-packages\django\template\loader_tags.py", line 299, in do_extends
    nodelist = parser.parse()
  File "C:\Users\rahul\Desktop\black_box\villen\venv\lib\site-packages\django\template\base.py", line 518, in parse
    raise self.error(token, e)
  File "C:\Users\rahul\Desktop\black_box\villen\venv\lib\site-packages\django\template\base.py", line 516, in parse
    compiled_result = compile_func(self, token)
  File "C:\Users\rahul\Desktop\black_box\villen\venv\lib\site-packages\django\template\defaulttags.py", line 1097, in load
    lib = find_library(parser, name)
  File "C:\Users\rahul\Desktop\black_box\villen\venv\lib\site-packages\django\template\defaulttags.py", line 1037, in find_library
    raise TemplateSyntaxError(
django.template.exceptions.TemplateSyntaxError: 'math_filters' is not a registered tag library. Must be one of:
admin_list
admin_modify
admin_urls
cache
i18n
l10n
log
static
tz
"GET /blog/ HTTP/1.1" 500 187661
Not Found: /blog/new/
"GET /blog/new/ HTTP/1.1" 404 4445
